<?xml version="1.0" encoding="UTF-8"?>
<!-- Generated by org.testng.reporters.JUnitReportReporter -->
<testsuite hostname="DESKTOP-JRIMQ69" failures="0" tests="1" name="test.AddContactTest" time="7.794" errors="0" timestamp="2022-03-29T18:13:34 CDT" skipped="0">
  <testcase classname="test.AddContactTest" name="validUSerShouldBeAbleToAddCustomerOnListCustomerPage" time="7.794"/>
  <system-out/>
</testsuite> <!-- test.AddContactTest -->
